{"C:\\Users\\danie\\Documents\\CS260\\startup\\service\\database.js": {"path":"C:\\Users\\danie\\Documents\\CS260\\startup\\service\\database.js","statementMap":{"0":{"start":{"line":1,"column":24},"end":{"line":1,"column":42}},"1":{"start":{"line":2,"column":15},"end":{"line":2,"column":41}},"2":{"start":{"line":4,"column":12},"end":{"line":4,"column":84}},"3":{"start":{"line":5,"column":15},"end":{"line":5,"column":35}},"4":{"start":{"line":6,"column":11},"end":{"line":6,"column":31}},"5":{"start":{"line":7,"column":23},"end":{"line":7,"column":44}},"6":{"start":{"line":10,"column":0},"end":{"line":20,"column":5}},"7":{"start":{"line":11,"column":2},"end":{"line":19,"column":3}},"8":{"start":{"line":12,"column":4},"end":{"line":12,"column":34}},"9":{"start":{"line":13,"column":4},"end":{"line":13,"column":39}},"10":{"start":{"line":15,"column":4},"end":{"line":17,"column":6}},"11":{"start":{"line":18,"column":4},"end":{"line":18,"column":20}},"12":{"start":{"line":23,"column":2},"end":{"line":23,"column":50}},"13":{"start":{"line":27,"column":2},"end":{"line":27,"column":50}},"14":{"start":{"line":31,"column":2},"end":{"line":35,"column":4}},"15":{"start":{"line":39,"column":2},"end":{"line":39,"column":72}},"16":{"start":{"line":42,"column":0},"end":{"line":47,"column":2}}},"fnMap":{"0":{"name":"testConnection","decl":{"start":{"line":10,"column":16},"end":{"line":10,"column":30}},"loc":{"start":{"line":10,"column":33},"end":{"line":20,"column":1}},"line":10},"1":{"name":"getUser","decl":{"start":{"line":22,"column":9},"end":{"line":22,"column":16}},"loc":{"start":{"line":22,"column":24},"end":{"line":24,"column":1}},"line":22},"2":{"name":"getUserByToken","decl":{"start":{"line":26,"column":9},"end":{"line":26,"column":23}},"loc":{"start":{"line":26,"column":31},"end":{"line":28,"column":1}},"line":26},"3":{"name":"addUser","decl":{"start":{"line":30,"column":15},"end":{"line":30,"column":22}},"loc":{"start":{"line":30,"column":29},"end":{"line":36,"column":1}},"line":30},"4":{"name":"updateUser","decl":{"start":{"line":38,"column":15},"end":{"line":38,"column":25}},"loc":{"start":{"line":38,"column":32},"end":{"line":40,"column":1}},"line":38}},"branchMap":{},"s":{"0":1,"1":1,"2":1,"3":1,"4":1,"5":1,"6":1,"7":1,"8":1,"9":1,"10":0,"11":0,"12":16,"13":16,"14":24,"15":6,"16":1},"f":{"0":1,"1":16,"2":16,"3":24,"4":6},"b":{},"_coverageSchema":"1a1c01bbd47fc00a2c39e90264f33305004495a9","hash":"ee5d92ca2b96fc4041176e34dbe6b0a965ddc7b5"}
,"C:\\Users\\danie\\Documents\\CS260\\startup\\service\\service.js": {"path":"C:\\Users\\danie\\Documents\\CS260\\startup\\service\\service.js","statementMap":{"0":{"start":{"line":1,"column":16},"end":{"line":1,"column":34}},"1":{"start":{"line":2,"column":14},"end":{"line":2,"column":30}},"2":{"start":{"line":3,"column":15},"end":{"line":3,"column":34}},"3":{"start":{"line":4,"column":13},"end":{"line":4,"column":28}},"4":{"start":{"line":5,"column":21},"end":{"line":5,"column":45}},"5":{"start":{"line":6,"column":13},"end":{"line":6,"column":28}},"6":{"start":{"line":7,"column":11},"end":{"line":7,"column":35}},"7":{"start":{"line":9,"column":12},"end":{"line":9,"column":21}},"8":{"start":{"line":10,"column":13},"end":{"line":10,"column":61}},"9":{"start":{"line":12,"column":0},"end":{"line":12,"column":24}},"10":{"start":{"line":13,"column":0},"end":{"line":13,"column":24}},"11":{"start":{"line":15,"column":0},"end":{"line":15,"column":34}},"12":{"start":{"line":17,"column":16},"end":{"line":17,"column":32}},"13":{"start":{"line":18,"column":0},"end":{"line":18,"column":27}},"14":{"start":{"line":20,"column":0},"end":{"line":35,"column":3}},"15":{"start":{"line":21,"column":20},"end":{"line":21,"column":33}},"16":{"start":{"line":22,"column":2},"end":{"line":24,"column":3}},"17":{"start":{"line":23,"column":4},"end":{"line":23,"column":67}},"18":{"start":{"line":26,"column":2},"end":{"line":34,"column":7}},"19":{"start":{"line":30,"column":6},"end":{"line":30,"column":30}},"20":{"start":{"line":33,"column":6},"end":{"line":33,"column":63}},"21":{"start":{"line":37,"column":0},"end":{"line":51,"column":3}},"22":{"start":{"line":38,"column":2},"end":{"line":41,"column":3}},"23":{"start":{"line":39,"column":4},"end":{"line":39,"column":60}},"24":{"start":{"line":40,"column":4},"end":{"line":40,"column":11}},"25":{"start":{"line":42,"column":2},"end":{"line":45,"column":3}},"26":{"start":{"line":43,"column":4},"end":{"line":43,"column":48}},"27":{"start":{"line":44,"column":4},"end":{"line":44,"column":11}},"28":{"start":{"line":46,"column":25},"end":{"line":46,"column":65}},"29":{"start":{"line":47,"column":15},"end":{"line":47,"column":63}},"30":{"start":{"line":48,"column":2},"end":{"line":48,"column":25}},"31":{"start":{"line":49,"column":2},"end":{"line":49,"column":33}},"32":{"start":{"line":50,"column":2},"end":{"line":50,"column":37}},"33":{"start":{"line":53,"column":0},"end":{"line":67,"column":3}},"34":{"start":{"line":54,"column":13},"end":{"line":54,"column":52}},"35":{"start":{"line":56,"column":2},"end":{"line":66,"column":3}},"36":{"start":{"line":60,"column":4},"end":{"line":60,"column":27}},"37":{"start":{"line":61,"column":4},"end":{"line":61,"column":30}},"38":{"start":{"line":62,"column":4},"end":{"line":62,"column":35}},"39":{"start":{"line":63,"column":4},"end":{"line":63,"column":39}},"40":{"start":{"line":65,"column":4},"end":{"line":65,"column":54}},"41":{"start":{"line":70,"column":19},"end":{"line":77,"column":1}},"42":{"start":{"line":71,"column":15},"end":{"line":71,"column":57}},"43":{"start":{"line":72,"column":2},"end":{"line":76,"column":3}},"44":{"start":{"line":73,"column":4},"end":{"line":73,"column":11}},"45":{"start":{"line":75,"column":4},"end":{"line":75,"column":50}},"46":{"start":{"line":79,"column":0},"end":{"line":86,"column":3}},"47":{"start":{"line":80,"column":13},"end":{"line":80,"column":55}},"48":{"start":{"line":82,"column":2},"end":{"line":82,"column":20}},"49":{"start":{"line":83,"column":2},"end":{"line":83,"column":28}},"50":{"start":{"line":84,"column":2},"end":{"line":84,"column":27}},"51":{"start":{"line":85,"column":2},"end":{"line":85,"column":24}},"52":{"start":{"line":88,"column":0},"end":{"line":90,"column":3}},"53":{"start":{"line":89,"column":2},"end":{"line":89,"column":36}},"54":{"start":{"line":92,"column":0},"end":{"line":106,"column":3}},"55":{"start":{"line":93,"column":13},"end":{"line":93,"column":55}},"56":{"start":{"line":94,"column":11},"end":{"line":94,"column":41}},"57":{"start":{"line":95,"column":2},"end":{"line":103,"column":3}},"58":{"start":{"line":96,"column":4},"end":{"line":98,"column":5}},"59":{"start":{"line":97,"column":6},"end":{"line":97,"column":41}},"60":{"start":{"line":100,"column":4},"end":{"line":102,"column":6}},"61":{"start":{"line":101,"column":24},"end":{"line":101,"column":43}},"62":{"start":{"line":104,"column":2},"end":{"line":104,"column":28}},"63":{"start":{"line":105,"column":2},"end":{"line":105,"column":64}},"64":{"start":{"line":108,"column":0},"end":{"line":111,"column":3}},"65":{"start":{"line":109,"column":13},"end":{"line":109,"column":55}},"66":{"start":{"line":110,"column":2},"end":{"line":110,"column":64}},"67":{"start":{"line":114,"column":0},"end":{"line":121,"column":3}},"68":{"start":{"line":115,"column":13},"end":{"line":115,"column":55}},"69":{"start":{"line":116,"column":2},"end":{"line":119,"column":3}},"70":{"start":{"line":117,"column":4},"end":{"line":117,"column":43}},"71":{"start":{"line":118,"column":4},"end":{"line":118,"column":24}},"72":{"start":{"line":120,"column":2},"end":{"line":120,"column":42}},"73":{"start":{"line":124,"column":0},"end":{"line":127,"column":3}},"74":{"start":{"line":125,"column":13},"end":{"line":125,"column":55}},"75":{"start":{"line":126,"column":2},"end":{"line":126,"column":42}},"76":{"start":{"line":130,"column":0},"end":{"line":137,"column":3}},"77":{"start":{"line":131,"column":13},"end":{"line":131,"column":55}},"78":{"start":{"line":132,"column":2},"end":{"line":134,"column":4}},"79":{"start":{"line":133,"column":18},"end":{"line":133,"column":48}},"80":{"start":{"line":135,"column":2},"end":{"line":135,"column":28}},"81":{"start":{"line":136,"column":2},"end":{"line":136,"column":42}},"82":{"start":{"line":140,"column":15},"end":{"line":146,"column":3}},"83":{"start":{"line":147,"column":2},"end":{"line":147,"column":25}},"84":{"start":{"line":149,"column":2},"end":{"line":149,"column":14}},"85":{"start":{"line":153,"column":2},"end":{"line":153,"column":26}},"86":{"start":{"line":153,"column":14},"end":{"line":153,"column":26}},"87":{"start":{"line":155,"column":2},"end":{"line":157,"column":3}},"88":{"start":{"line":156,"column":4},"end":{"line":156,"column":36}},"89":{"start":{"line":158,"column":2},"end":{"line":158,"column":27}},"90":{"start":{"line":163,"column":2},"end":{"line":167,"column":5}},"91":{"start":{"line":171,"column":0},"end":{"line":173,"column":3}},"92":{"start":{"line":172,"column":2},"end":{"line":172,"column":65}},"93":{"start":{"line":176,"column":0},"end":{"line":178,"column":3}},"94":{"start":{"line":177,"column":2},"end":{"line":177,"column":49}},"95":{"start":{"line":180,"column":0},"end":{"line":180,"column":21}}},"fnMap":{"0":{"name":"(anonymous_0)","decl":{"start":{"line":20,"column":37},"end":{"line":20,"column":38}},"loc":{"start":{"line":20,"column":51},"end":{"line":35,"column":1}},"line":20},"1":{"name":"(anonymous_1)","decl":{"start":{"line":28,"column":10},"end":{"line":28,"column":11}},"loc":{"start":{"line":28,"column":24},"end":{"line":31,"column":5}},"line":28},"2":{"name":"(anonymous_2)","decl":{"start":{"line":32,"column":11},"end":{"line":32,"column":12}},"loc":{"start":{"line":32,"column":22},"end":{"line":34,"column":5}},"line":32},"3":{"name":"(anonymous_3)","decl":{"start":{"line":37,"column":28},"end":{"line":37,"column":29}},"loc":{"start":{"line":37,"column":48},"end":{"line":51,"column":1}},"line":37},"4":{"name":"(anonymous_4)","decl":{"start":{"line":53,"column":24},"end":{"line":53,"column":25}},"loc":{"start":{"line":53,"column":44},"end":{"line":67,"column":1}},"line":53},"5":{"name":"(anonymous_5)","decl":{"start":{"line":70,"column":19},"end":{"line":70,"column":20}},"loc":{"start":{"line":70,"column":45},"end":{"line":77,"column":1}},"line":70},"6":{"name":"(anonymous_6)","decl":{"start":{"line":79,"column":40},"end":{"line":79,"column":41}},"loc":{"start":{"line":79,"column":60},"end":{"line":86,"column":1}},"line":79},"7":{"name":"(anonymous_7)","decl":{"start":{"line":88,"column":44},"end":{"line":88,"column":45}},"loc":{"start":{"line":88,"column":58},"end":{"line":90,"column":1}},"line":88},"8":{"name":"(anonymous_8)","decl":{"start":{"line":92,"column":50},"end":{"line":92,"column":51}},"loc":{"start":{"line":92,"column":70},"end":{"line":106,"column":1}},"line":92},"9":{"name":"(anonymous_9)","decl":{"start":{"line":101,"column":6},"end":{"line":101,"column":7}},"loc":{"start":{"line":101,"column":24},"end":{"line":101,"column":43}},"line":101},"10":{"name":"(anonymous_10)","decl":{"start":{"line":108,"column":51},"end":{"line":108,"column":52}},"loc":{"start":{"line":108,"column":71},"end":{"line":111,"column":1}},"line":108},"11":{"name":"(anonymous_11)","decl":{"start":{"line":114,"column":40},"end":{"line":114,"column":41}},"loc":{"start":{"line":114,"column":60},"end":{"line":121,"column":1}},"line":114},"12":{"name":"(anonymous_12)","decl":{"start":{"line":124,"column":40},"end":{"line":124,"column":41}},"loc":{"start":{"line":124,"column":60},"end":{"line":127,"column":1}},"line":124},"13":{"name":"(anonymous_13)","decl":{"start":{"line":130,"column":43},"end":{"line":130,"column":44}},"loc":{"start":{"line":130,"column":63},"end":{"line":137,"column":1}},"line":130},"14":{"name":"(anonymous_14)","decl":{"start":{"line":133,"column":4},"end":{"line":133,"column":5}},"loc":{"start":{"line":133,"column":18},"end":{"line":133,"column":48}},"line":133},"15":{"name":"createUser","decl":{"start":{"line":139,"column":15},"end":{"line":139,"column":25}},"loc":{"start":{"line":139,"column":49},"end":{"line":150,"column":1}},"line":139},"16":{"name":"findUser","decl":{"start":{"line":152,"column":15},"end":{"line":152,"column":23}},"loc":{"start":{"line":152,"column":38},"end":{"line":159,"column":1}},"line":152},"17":{"name":"setAuthCookie","decl":{"start":{"line":162,"column":9},"end":{"line":162,"column":22}},"loc":{"start":{"line":162,"column":39},"end":{"line":168,"column":1}},"line":162},"18":{"name":"(anonymous_18)","decl":{"start":{"line":171,"column":8},"end":{"line":171,"column":9}},"loc":{"start":{"line":171,"column":33},"end":{"line":173,"column":1}},"line":171},"19":{"name":"(anonymous_19)","decl":{"start":{"line":176,"column":8},"end":{"line":176,"column":9}},"loc":{"start":{"line":176,"column":23},"end":{"line":178,"column":1}},"line":176}},"branchMap":{"0":{"loc":{"start":{"line":10,"column":13},"end":{"line":10,"column":61}},"type":"cond-expr","locations":[{"start":{"line":10,"column":39},"end":{"line":10,"column":54}},{"start":{"line":10,"column":57},"end":{"line":10,"column":61}}],"line":10},"1":{"loc":{"start":{"line":22,"column":2},"end":{"line":24,"column":3}},"type":"if","locations":[{"start":{"line":22,"column":2},"end":{"line":24,"column":3}},{"start":{},"end":{}}],"line":22},"2":{"loc":{"start":{"line":38,"column":2},"end":{"line":41,"column":3}},"type":"if","locations":[{"start":{"line":38,"column":2},"end":{"line":41,"column":3}},{"start":{},"end":{}}],"line":38},"3":{"loc":{"start":{"line":38,"column":6},"end":{"line":38,"column":43}},"type":"binary-expr","locations":[{"start":{"line":38,"column":6},"end":{"line":38,"column":21}},{"start":{"line":38,"column":25},"end":{"line":38,"column":43}}],"line":38},"4":{"loc":{"start":{"line":42,"column":2},"end":{"line":45,"column":3}},"type":"if","locations":[{"start":{"line":42,"column":2},"end":{"line":45,"column":3}},{"start":{},"end":{}}],"line":42},"5":{"loc":{"start":{"line":56,"column":2},"end":{"line":66,"column":3}},"type":"if","locations":[{"start":{"line":56,"column":2},"end":{"line":66,"column":3}},{"start":{"line":64,"column":9},"end":{"line":66,"column":3}}],"line":56},"6":{"loc":{"start":{"line":57,"column":4},"end":{"line":58,"column":60}},"type":"binary-expr","locations":[{"start":{"line":57,"column":4},"end":{"line":57,"column":18}},{"start":{"line":58,"column":5},"end":{"line":58,"column":59}}],"line":57},"7":{"loc":{"start":{"line":72,"column":2},"end":{"line":76,"column":3}},"type":"if","locations":[{"start":{"line":72,"column":2},"end":{"line":76,"column":3}},{"start":{"line":74,"column":9},"end":{"line":76,"column":3}}],"line":72},"8":{"loc":{"start":{"line":95,"column":2},"end":{"line":103,"column":3}},"type":"if","locations":[{"start":{"line":95,"column":2},"end":{"line":103,"column":3}},{"start":{"line":99,"column":9},"end":{"line":103,"column":3}}],"line":95},"9":{"loc":{"start":{"line":96,"column":4},"end":{"line":98,"column":5}},"type":"if","locations":[{"start":{"line":96,"column":4},"end":{"line":98,"column":5}},{"start":{},"end":{}}],"line":96},"10":{"loc":{"start":{"line":116,"column":2},"end":{"line":119,"column":3}},"type":"if","locations":[{"start":{"line":116,"column":2},"end":{"line":119,"column":3}},{"start":{},"end":{}}],"line":116},"11":{"loc":{"start":{"line":153,"column":2},"end":{"line":153,"column":26}},"type":"if","locations":[{"start":{"line":153,"column":2},"end":{"line":153,"column":26}},{"start":{},"end":{}}],"line":153},"12":{"loc":{"start":{"line":155,"column":2},"end":{"line":157,"column":3}},"type":"if","locations":[{"start":{"line":155,"column":2},"end":{"line":157,"column":3}},{"start":{},"end":{}}],"line":155}},"s":{"0":1,"1":1,"2":1,"3":1,"4":1,"5":1,"6":1,"7":1,"8":1,"9":1,"10":1,"11":1,"12":1,"13":1,"14":1,"15":0,"16":0,"17":0,"18":0,"19":0,"20":0,"21":1,"22":15,"23":2,"24":2,"25":13,"26":1,"27":1,"28":12,"29":12,"30":12,"31":12,"32":12,"33":1,"34":3,"35":3,"36":1,"37":1,"38":1,"39":1,"40":2,"41":1,"42":15,"43":15,"44":8,"45":7,"46":1,"47":1,"48":1,"49":1,"50":1,"51":1,"52":1,"53":1,"54":1,"55":2,"56":2,"57":2,"58":1,"59":1,"60":1,"61":0,"62":2,"63":2,"64":1,"65":1,"66":1,"67":1,"68":1,"69":1,"70":1,"71":1,"72":1,"73":1,"74":1,"75":1,"76":1,"77":1,"78":1,"79":0,"80":1,"81":1,"82":12,"83":12,"84":12,"85":38,"86":6,"87":32,"88":16,"89":16,"90":13,"91":1,"92":0,"93":1,"94":0,"95":1},"f":{"0":0,"1":0,"2":0,"3":15,"4":3,"5":15,"6":1,"7":1,"8":2,"9":0,"10":1,"11":1,"12":1,"13":1,"14":0,"15":12,"16":38,"17":13,"18":0,"19":0},"b":{"0":[1,0],"1":[0,0],"2":[2,13],"3":[15,14],"4":[1,12],"5":[1,2],"6":[3,2],"7":[8,7],"8":[1,1],"9":[1,0],"10":[1,0],"11":[6,32],"12":[16,16]},"_coverageSchema":"1a1c01bbd47fc00a2c39e90264f33305004495a9","hash":"0fc9acacc35ff4a5d2d49906b4352057c54f5e81"}
}
