TN:
SF:database.js
FN:10,testConnection
FN:22,getUser
FN:26,getUserByToken
FN:30,addUser
FN:38,updateUser
FNF:5
FNH:5
FNDA:1,testConnection
FNDA:16,getUser
FNDA:16,getUserByToken
FNDA:24,addUser
FNDA:6,updateUser
DA:1,1
DA:2,1
DA:4,1
DA:5,1
DA:6,1
DA:7,1
DA:10,1
DA:11,1
DA:12,1
DA:13,1
DA:15,0
DA:18,0
DA:23,16
DA:27,16
DA:31,24
DA:39,6
DA:42,1
LF:17
LH:15
BRF:0
BRH:0
end_of_record
TN:
SF:service.js
FN:20,(anonymous_0)
FN:28,(anonymous_1)
FN:32,(anonymous_2)
FN:37,(anonymous_3)
FN:53,(anonymous_4)
FN:70,(anonymous_5)
FN:79,(anonymous_6)
FN:88,(anonymous_7)
FN:92,(anonymous_8)
FN:101,(anonymous_9)
FN:108,(anonymous_10)
FN:114,(anonymous_11)
FN:124,(anonymous_12)
FN:130,(anonymous_13)
FN:133,(anonymous_14)
FN:139,createUser
FN:152,findUser
FN:162,setAuthCookie
FN:171,(anonymous_18)
FN:176,(anonymous_19)
FNF:20
FNH:13
FNDA:0,(anonymous_0)
FNDA:0,(anonymous_1)
FNDA:0,(anonymous_2)
FNDA:15,(anonymous_3)
FNDA:3,(anonymous_4)
FNDA:15,(anonymous_5)
FNDA:1,(anonymous_6)
FNDA:1,(anonymous_7)
FNDA:2,(anonymous_8)
FNDA:0,(anonymous_9)
FNDA:1,(anonymous_10)
FNDA:1,(anonymous_11)
FNDA:1,(anonymous_12)
FNDA:1,(anonymous_13)
FNDA:0,(anonymous_14)
FNDA:12,createUser
FNDA:38,findUser
FNDA:13,setAuthCookie
FNDA:0,(anonymous_18)
FNDA:0,(anonymous_19)
DA:1,1
DA:2,1
DA:3,1
DA:4,1
DA:5,1
DA:6,1
DA:7,1
DA:9,1
DA:10,1
DA:12,1
DA:13,1
DA:15,1
DA:17,1
DA:18,1
DA:20,1
DA:21,0
DA:22,0
DA:23,0
DA:26,0
DA:30,0
DA:33,0
DA:37,1
DA:38,15
DA:39,2
DA:40,2
DA:42,13
DA:43,1
DA:44,1
DA:46,12
DA:47,12
DA:48,12
DA:49,12
DA:50,12
DA:53,1
DA:54,3
DA:56,3
DA:60,1
DA:61,1
DA:62,1
DA:63,1
DA:65,2
DA:70,1
DA:71,15
DA:72,15
DA:73,8
DA:75,7
DA:79,1
DA:80,1
DA:82,1
DA:83,1
DA:84,1
DA:85,1
DA:88,1
DA:89,1
DA:92,1
DA:93,2
DA:94,2
DA:95,2
DA:96,1
DA:97,1
DA:100,1
DA:101,0
DA:104,2
DA:105,2
DA:108,1
DA:109,1
DA:110,1
DA:114,1
DA:115,1
DA:116,1
DA:117,1
DA:118,1
DA:120,1
DA:124,1
DA:125,1
DA:126,1
DA:130,1
DA:131,1
DA:132,1
DA:133,0
DA:135,1
DA:136,1
DA:140,12
DA:147,12
DA:149,12
DA:153,38
DA:155,32
DA:156,16
DA:158,16
DA:163,13
DA:171,1
DA:172,0
DA:176,1
DA:177,0
DA:180,1
LF:95
LH:85
BRDA:10,0,0,1
BRDA:10,0,1,0
BRDA:22,1,0,0
BRDA:22,1,1,0
BRDA:38,2,0,2
BRDA:38,2,1,13
BRDA:38,3,0,15
BRDA:38,3,1,14
BRDA:42,4,0,1
BRDA:42,4,1,12
BRDA:56,5,0,1
BRDA:56,5,1,2
BRDA:57,6,0,3
BRDA:57,6,1,2
BRDA:72,7,0,8
BRDA:72,7,1,7
BRDA:95,8,0,1
BRDA:95,8,1,1
BRDA:96,9,0,1
BRDA:96,9,1,0
BRDA:116,10,0,1
BRDA:116,10,1,0
BRDA:153,11,0,6
BRDA:153,11,1,32
BRDA:155,12,0,16
BRDA:155,12,1,16
BRF:26
BRH:21
end_of_record
